In file included from [01m[K/usr/include/c++/11/memory:66[m[K,
                 from [01m[K/opt/ros/humble/include/rclcpp/rclcpp/rclcpp.hpp:153[m[K,
                 from [01m[K/home/ros2/exam/cpp04_param/src/demo01_param_server.cpp:1[m[K:
/usr/include/c++/11/bits/stl_uninitialized.h: In instantiation of â€˜[01m[K_ForwardIterator std::uninitialized_copy(_InputIterator, _InputIterator, _ForwardIterator) [with _InputIterator = const char*; _ForwardIterator = rclcpp::Parameter*][m[Kâ€™:
[01m[K/usr/include/c++/11/bits/stl_uninitialized.h:333:37:[m[K   required from â€˜[01m[K_ForwardIterator std::__uninitialized_copy_a(_InputIterator, _InputIterator, _ForwardIterator, std::allocator<_Tp>&) [with _InputIterator = const char*; _ForwardIterator = rclcpp::Parameter*; _Tp = rclcpp::Parameter][m[Kâ€™
[01m[K/usr/include/c++/11/bits/stl_vector.h:1585:33:[m[K   required from â€˜[01m[Kvoid std::vector<_Tp, _Alloc>::_M_range_initialize(_ForwardIterator, _ForwardIterator, std::forward_iterator_tag) [with _ForwardIterator = const char*; _Tp = rclcpp::Parameter; _Alloc = std::allocator<rclcpp::Parameter>][m[Kâ€™
[01m[K/usr/include/c++/11/bits/stl_vector.h:657:23:[m[K   required from â€˜[01m[Kstd::vector<_Tp, _Alloc>::vector(_InputIterator, _InputIterator, const allocator_type&) [with _InputIterator = const char*; <template-parameter-2-2> = void; _Tp = rclcpp::Parameter; _Alloc = std::allocator<rclcpp::Parameter>; std::vector<_Tp, _Alloc>::allocator_type = std::allocator<rclcpp::Parameter>][m[Kâ€™
[01m[K/home/ros2/exam/cpp04_param/src/demo01_param_server.cpp:34:25:[m[K   required from here
[01m[K/usr/include/c++/11/bits/stl_uninitialized.h:138:72:[m[K [01;31m[Kerror: [m[Kstatic assertion failed: result type must be constructible from value type of input range
  138 |       static_assert(is_constructible<_ValueType2, decltype(*__first)>::[01;31m[Kvalue[m[K,
      |                                                                        [01;31m[K^~~~~[m[K
[01m[K/usr/include/c++/11/bits/stl_uninitialized.h:138:72:[m[K [01;36m[Knote: [m[Kâ€˜[01m[Kstd::integral_constant<bool, false>::value[m[Kâ€™ evaluates to false
gmake[2]: *** [CMakeFiles/demo01_param_server.dir/build.make:76: CMakeFiles/demo01_param_server.dir/src/demo01_param_server.cpp.o] Error 1
gmake[1]: *** [CMakeFiles/Makefile2:137: CMakeFiles/demo01_param_server.dir/all] Error 2
gmake: *** [Makefile:146: all] Error 2
