[0.048s] Invoking command in '/home/ros2/exam/build/cpp06_exercise': CMAKE_PREFIX_PATH=/home/ros2/exam/install/turtlesim:/home/ros2/exam/install/demo_interfaces_base:/home/ros2/exam/install/cpp06_exercise:/home/ros2/exam/install/cpp04_param:/home/ros2/exam/install/cpp03_action:/home/ros2/exam/install/cpp02_service:/home/ros2/exam/install/cpp01_topic:/home/ros2/exam/install/cpp05_time:/opt/ros/humble /usr/bin/cmake /home/ros2/exam/cpp06_exercise -DCMAKE_INSTALL_PREFIX=/home/ros2/exam/install/cpp06_exercise
[0.213s] -- The C compiler identification is GNU 11.4.0
[0.430s] -- The CXX compiler identification is GNU 11.4.0
[0.463s] -- Detecting C compiler ABI info
[0.601s] -- Detecting C compiler ABI info - done
[0.610s] -- Check for working C compiler: /usr/bin/cc - skipped
[0.610s] -- Detecting C compile features
[0.611s] -- Detecting C compile features - done
[0.619s] -- Detecting CXX compiler ABI info
[0.798s] -- Detecting CXX compiler ABI info - done
[0.811s] -- Check for working CXX compiler: /usr/bin/c++ - skipped
[0.811s] -- Detecting CXX compile features
[0.812s] -- Detecting CXX compile features - done
[0.834s] -- Found ament_cmake: 1.3.12 (/opt/ros/humble/share/ament_cmake/cmake)
[1.142s] -- Found Python3: /usr/bin/python3 (found version "3.10.12") found components: Interpreter 
[1.467s] -- Found rclcpp: 16.0.14 (/opt/ros/humble/share/rclcpp/cmake)
[1.688s] -- Found rosidl_generator_c: 3.1.7 (/opt/ros/humble/share/rosidl_generator_c/cmake)
[1.728s] -- Found rosidl_adapter: 3.1.7 (/opt/ros/humble/share/rosidl_adapter/cmake)
[1.762s] -- Found rosidl_generator_cpp: 3.1.7 (/opt/ros/humble/share/rosidl_generator_cpp/cmake)
[1.817s] -- Using all available rosidl_typesupport_c: rosidl_typesupport_fastrtps_c;rosidl_typesupport_introspection_c
[1.870s] -- Using all available rosidl_typesupport_cpp: rosidl_typesupport_fastrtps_cpp;rosidl_typesupport_introspection_cpp
[2.000s] -- Found rmw_implementation_cmake: 6.1.2 (/opt/ros/humble/share/rmw_implementation_cmake/cmake)
[2.009s] -- Found rmw_fastrtps_cpp: 6.2.8 (/opt/ros/humble/share/rmw_fastrtps_cpp/cmake)
[2.233s] -- Found OpenSSL: /usr/lib/x86_64-linux-gnu/libcrypto.so (found version "3.0.2")  
[2.282s] -- Found FastRTPS: /opt/ros/humble/include  
[2.366s] -- Using RMW implementation 'rmw_fastrtps_cpp' as default
[2.411s] -- Looking for pthread.h
[2.556s] -- Looking for pthread.h - found
[2.557s] -- Performing Test CMAKE_HAVE_LIBC_PTHREAD
[2.690s] -- Performing Test CMAKE_HAVE_LIBC_PTHREAD - Success
[2.692s] -- Found Threads: TRUE  
[2.837s] -- Found rclpy: 3.3.17 (/opt/ros/humble/share/rclpy/cmake)
[2.839s] -- Found demo_interfaces_base: 0.0.0 (/home/ros2/exam/install/demo_interfaces_base/share/demo_interfaces_base/cmake)
[2.957s] -- Found turtlesim: 1.4.2 (/home/ros2/exam/install/turtlesim/share/turtlesim/cmake)
[2.976s] -- Found geometry_msgs: 4.9.0 (/opt/ros/humble/share/geometry_msgs/cmake)
[3.007s] -- Found rclcpp_action: 16.0.14 (/opt/ros/humble/share/rclcpp_action/cmake)
[3.047s] -- Found ament_lint_auto: 0.12.14 (/opt/ros/humble/share/ament_lint_auto/cmake)
[3.277s] -- Added test 'cppcheck' to perform static code analysis on C / C++ code
[3.278s] -- Configured cppcheck include dirs: $<BUILD_INTERFACE:/home/ros2/exam/cpp06_exercise/include>
[3.278s] -- Configured cppcheck exclude dirs and/or files: 
[3.279s] -- Added test 'flake8' to check Python code syntax and style conventions
[3.283s] -- Added test 'lint_cmake' to check CMake code style
[3.286s] -- Added test 'pep257' to check Python code against some of the docstring style conventions in PEP 257
[3.292s] -- Added test 'uncrustify' to check C / C++ code style
[3.292s] -- Configured uncrustify additional arguments: 
[3.294s] -- Added test 'xmllint' to check XML markup files
[3.300s] -- Configuring done
[3.363s] -- Generating done
[3.384s] -- Build files have been written to: /home/ros2/exam/build/cpp06_exercise
[3.403s] Invoked command in '/home/ros2/exam/build/cpp06_exercise' returned '0': CMAKE_PREFIX_PATH=/home/ros2/exam/install/turtlesim:/home/ros2/exam/install/demo_interfaces_base:/home/ros2/exam/install/cpp06_exercise:/home/ros2/exam/install/cpp04_param:/home/ros2/exam/install/cpp03_action:/home/ros2/exam/install/cpp02_service:/home/ros2/exam/install/cpp01_topic:/home/ros2/exam/install/cpp05_time:/opt/ros/humble /usr/bin/cmake /home/ros2/exam/cpp06_exercise -DCMAKE_INSTALL_PREFIX=/home/ros2/exam/install/cpp06_exercise
[3.406s] Invoking command in '/home/ros2/exam/build/cpp06_exercise': CMAKE_PREFIX_PATH=/home/ros2/exam/install/turtlesim:/home/ros2/exam/install/demo_interfaces_base:/home/ros2/exam/install/cpp06_exercise:/home/ros2/exam/install/cpp04_param:/home/ros2/exam/install/cpp03_action:/home/ros2/exam/install/cpp02_service:/home/ros2/exam/install/cpp01_topic:/home/ros2/exam/install/cpp05_time:/opt/ros/humble /usr/bin/cmake --build /home/ros2/exam/build/cpp06_exercise -- -j12 -l12
[3.520s] [ 10%] [32mBuilding CXX object CMakeFiles/exer02_service.dir/src/exer02_service.cpp.o[0m
[3.525s] [ 20%] [32mBuilding CXX object CMakeFiles/exer03_action_client.dir/src/exer03_action_client.cpp.o[0m
[3.525s] [ 30%] [32mBuilding CXX object CMakeFiles/exer01_pub_sub.dir/src/exer01_pub_sub.cpp.o[0m
[3.530s] [ 40%] [32mBuilding CXX object CMakeFiles/exer02_client.dir/src/exer02_client.cpp.o[0m
[3.538s] [ 50%] [32mBuilding CXX object CMakeFiles/exer03_action_server.dir/src/exer03_action_server.cpp.o[0m
[4.034s] [01m[K/home/ros2/exam/cpp06_exercise/src/exer03_action_client.cpp:2:10:[m[K [01;31m[Kfatal error: [m[Kdemo_interfaces_base/action/realtimedistance.hpp: No such file or directory
[4.034s]     2 | #include [01;31m[K"demo_interfaces_base/action/realtimedistance.hpp"[m[K
[4.034s]       |          [01;31m[K^~~~~~~~~~~~~~~~~~~~~~~~~~~~~~~~~~~~~~~~~~~~~~~~~~[m[K
[4.034s] compilation terminated.
[4.041s] gmake[2]: *** [CMakeFiles/exer03_action_client.dir/build.make:76: CMakeFiles/exer03_action_client.dir/src/exer03_action_client.cpp.o] Error 1
[4.042s] gmake[1]: *** [CMakeFiles/Makefile2:223: CMakeFiles/exer03_action_client.dir/all] Error 2
[4.042s] gmake[1]: *** Waiting for unfinished jobs....
[4.082s] [01m[K/home/ros2/exam/cpp06_exercise/src/exer03_action_server.cpp:3:10:[m[K [01;31m[Kfatal error: [m[Kdemo_interfaces_base/action/realtimedistance.hpp: No such file or directory
[4.082s]     3 | #include [01;31m[K"demo_interfaces_base/action/realtimedistance.hpp"[m[K
[4.083s]       |          [01;31m[K^~~~~~~~~~~~~~~~~~~~~~~~~~~~~~~~~~~~~~~~~~~~~~~~~~[m[K
[4.083s] compilation terminated.
[4.088s] gmake[2]: *** [CMakeFiles/exer03_action_server.dir/build.make:76: CMakeFiles/exer03_action_server.dir/src/exer03_action_server.cpp.o] Error 1
[4.088s] gmake[1]: *** [CMakeFiles/Makefile2:249: CMakeFiles/exer03_action_server.dir/all] Error 2
[10.184s] [ 60%] [32m[1mLinking CXX executable exer02_client[0m
[10.471s] [ 60%] Built target exer02_client
[17.300s] [ 70%] [32m[1mLinking CXX executable exer02_service[0m
[17.313s] [ 80%] [32m[1mLinking CXX executable exer01_pub_sub[0m
[17.951s] [ 80%] Built target exer01_pub_sub
[18.010s] [ 80%] Built target exer02_service
[18.012s] gmake: *** [Makefile:146: all] Error 2
[18.017s] Invoked command in '/home/ros2/exam/build/cpp06_exercise' returned '2': CMAKE_PREFIX_PATH=/home/ros2/exam/install/turtlesim:/home/ros2/exam/install/demo_interfaces_base:/home/ros2/exam/install/cpp06_exercise:/home/ros2/exam/install/cpp04_param:/home/ros2/exam/install/cpp03_action:/home/ros2/exam/install/cpp02_service:/home/ros2/exam/install/cpp01_topic:/home/ros2/exam/install/cpp05_time:/opt/ros/humble /usr/bin/cmake --build /home/ros2/exam/build/cpp06_exercise -- -j12 -l12
