-- Found ament_cmake: 1.3.12 (/opt/ros/humble/share/ament_cmake/cmake)
-- Found rclcpp: 16.0.14 (/opt/ros/humble/share/rclcpp/cmake)
-- Found rosidl_generator_c: 3.1.7 (/opt/ros/humble/share/rosidl_generator_c/cmake)
-- Found rosidl_adapter: 3.1.7 (/opt/ros/humble/share/rosidl_adapter/cmake)
-- Found rosidl_generator_cpp: 3.1.7 (/opt/ros/humble/share/rosidl_generator_cpp/cmake)
-- Using all available rosidl_typesupport_c: rosidl_typesupport_fastrtps_c;rosidl_typesupport_introspection_c
-- Using all available rosidl_typesupport_cpp: rosidl_typesupport_fastrtps_cpp;rosidl_typesupport_introspection_cpp
-- Found rmw_implementation_cmake: 6.1.2 (/opt/ros/humble/share/rmw_implementation_cmake/cmake)
-- Found rmw_fastrtps_cpp: 6.2.8 (/opt/ros/humble/share/rmw_fastrtps_cpp/cmake)
-- Using RMW implementation 'rmw_fastrtps_cpp' as default
-- Found rclpy: 3.3.17 (/opt/ros/humble/share/rclpy/cmake)
-- Found demo_interfaces_base: 0.0.0 (/home/ros2/exam/install/demo_interfaces_base/share/demo_interfaces_base/cmake)
-- Found turtlesim: 1.4.2 (/opt/ros/humble/share/turtlesim/cmake)
-- Found geometry_msgs: 4.9.0 (/opt/ros/humble/share/geometry_msgs/cmake)
-- Found rclcpp_action: 16.0.14 (/opt/ros/humble/share/rclcpp_action/cmake)
-- Found ament_lint_auto: 0.12.14 (/opt/ros/humble/share/ament_lint_auto/cmake)
-- Added test 'cppcheck' to perform static code analysis on C / C++ code
-- Configured cppcheck include dirs: $<BUILD_INTERFACE:/home/ros2/exam/cpp06_exercise/include>
-- Configured cppcheck exclude dirs and/or files: 
-- Added test 'flake8' to check Python code syntax and style conventions
-- Added test 'lint_cmake' to check CMake code style
-- Added test 'pep257' to check Python code against some of the docstring style conventions in PEP 257
-- Added test 'uncrustify' to check C / C++ code style
-- Configured uncrustify additional arguments: 
-- Added test 'xmllint' to check XML markup files
-- Configuring done
-- Generating done
-- Build files have been written to: /home/ros2/exam/build/cpp06_exercise
[35m[1mConsolidate compiler generated dependencies of target exer02_client[0m
[35m[1mConsolidate compiler generated dependencies of target exer03_action_client[0m
[35m[1mConsolidate compiler generated dependencies of target exer02_service[0m
[35m[1mConsolidate compiler generated dependencies of target exer03_action_server[0m
[35m[1mConsolidate compiler generated dependencies of target exer01_pub_sub[0m
[ 10%] [32mBuilding CXX object CMakeFiles/exer02_service.dir/src/exer02_service.cpp.o[0m
[ 20%] [32m[1mLinking CXX executable exer03_action_client[0m
[ 30%] [32mBuilding CXX object CMakeFiles/exer02_client.dir/src/exer02_client.cpp.o[0m
[ 40%] [32m[1mLinking CXX executable exer03_action_server[0m
[ 50%] [32m[1mLinking CXX executable exer01_pub_sub[0m
[ 60%] Built target exer03_action_client
/usr/bin/ld: CMakeFiles/exer03_action_server.dir/src/exer03_action_server.cpp.o: in function `rclcpp_action::Server<demo_interfaces_base::action::Realtimedistance>::Server(std::shared_ptr<rclcpp::node_interfaces::NodeBaseInterface>, std::shared_ptr<rclcpp::node_interfaces::NodeClockInterface>, std::shared_ptr<rclcpp::node_interfaces::NodeLoggingInterface>, std::__cxx11::basic_string<char, std::char_traits<char>, std::allocator<char> > const&, rcl_action_server_options_s const&, std::function<rclcpp_action::GoalResponse (std::array<unsigned char, 16ul> const&, std::shared_ptr<demo_interfaces_base::action::Realtimedistance_Goal_<std::allocator<void> > const>)>, std::function<rclcpp_action::CancelResponse (std::shared_ptr<rclcpp_action::ServerGoalHandle<demo_interfaces_base::action::Realtimedistance> >)>, std::function<void (std::shared_ptr<rclcpp_action::ServerGoalHandle<demo_interfaces_base::action::Realtimedistance> >)>)':
exer03_action_server.cpp:(.text._ZN13rclcpp_action6ServerIN20demo_interfaces_base6action16RealtimedistanceEEC2ESt10shared_ptrIN6rclcpp15node_interfaces17NodeBaseInterfaceEES5_INS7_18NodeClockInterfaceEES5_INS7_20NodeLoggingInterfaceEERKNSt7__cxx1112basic_stringIcSt11char_traitsIcESaIcEEERK27rcl_action_server_options_sSt8functionIFNS_12GoalResponseERKSt5arrayIhLm16EES5_IKNS2_22Realtimedistance_Goal_ISaIvEEEEEESP_IFNS_14CancelResponseES5_INS_16ServerGoalHandleIS3_EEEEESP_IFvS15_EE[_ZN13rclcpp_action6ServerIN20demo_interfaces_base6action16RealtimedistanceEEC5ESt10shared_ptrIN6rclcpp15node_interfaces17NodeBaseInterfaceEES5_INS7_18NodeClockInterfaceEES5_INS7_20NodeLoggingInterfaceEERKNSt7__cxx1112basic_stringIcSt11char_traitsIcESaIcEEERK27rcl_action_server_options_sSt8functionIFNS_12GoalResponseERKSt5arrayIhLm16EES5_IKNS2_22Realtimedistance_Goal_ISaIvEEEEEESP_IFNS_14CancelResponseES5_INS_16ServerGoalHandleIS3_EEEEESP_IFvS15_EE]+0x5f): undefined reference to `rosidl_action_type_support_t const* rosidl_typesupport_cpp::get_action_type_support_handle<demo_interfaces_base::action::Realtimedistance>()'
collect2: error: ld returned 1 exit status
gmake[2]: *** [CMakeFiles/exer03_action_server.dir/build.make:201: exer03_action_server] Error 1
gmake[1]: *** [CMakeFiles/Makefile2:249: CMakeFiles/exer03_action_server.dir/all] Error 2
gmake[1]: *** Waiting for unfinished jobs....
[ 70%] Built target exer01_pub_sub
[ 80%] [32m[1mLinking CXX executable exer02_client[0m
[ 80%] Built target exer02_client
[ 90%] [32m[1mLinking CXX executable exer02_service[0m
[ 90%] Built target exer02_service
gmake: *** [Makefile:146: all] Error 2
