[0.166s] Invoking command in '/home/ros2/exam/build/cpp06_exercise': CMAKE_PREFIX_PATH=/home/ros2/exam/install/turtlesim:/home/ros2/exam/install/demo_interfaces_base:/home/ros2/exam/install/cpp06_exercise:/home/ros2/exam/install/cpp04_param:/home/ros2/exam/install/cpp03_action:/home/ros2/exam/install/cpp02_service:/home/ros2/exam/install/cpp01_topic:/home/ros2/exam/install/cpp05_time:/opt/ros/humble /usr/bin/cmake --build /home/ros2/exam/build/cpp06_exercise -- -j12 -l12
[0.184s] -- Found ament_cmake: 1.3.12 (/opt/ros/humble/share/ament_cmake/cmake)
[0.335s] -- Found rclcpp: 16.0.14 (/opt/ros/humble/share/rclcpp/cmake)
[0.371s] -- Found rosidl_generator_c: 3.1.7 (/opt/ros/humble/share/rosidl_generator_c/cmake)
[0.376s] -- Found rosidl_adapter: 3.1.7 (/opt/ros/humble/share/rosidl_adapter/cmake)
[0.384s] -- Found rosidl_generator_cpp: 3.1.7 (/opt/ros/humble/share/rosidl_generator_cpp/cmake)
[0.396s] -- Using all available rosidl_typesupport_c: rosidl_typesupport_fastrtps_c;rosidl_typesupport_introspection_c
[0.407s] -- Using all available rosidl_typesupport_cpp: rosidl_typesupport_fastrtps_cpp;rosidl_typesupport_introspection_cpp
[0.448s] -- Found rmw_implementation_cmake: 6.1.2 (/opt/ros/humble/share/rmw_implementation_cmake/cmake)
[0.449s] -- Found rmw_fastrtps_cpp: 6.2.8 (/opt/ros/humble/share/rmw_fastrtps_cpp/cmake)
[0.560s] -- Using RMW implementation 'rmw_fastrtps_cpp' as default
[0.620s] -- Found rclpy: 3.3.17 (/opt/ros/humble/share/rclpy/cmake)
[0.620s] -- Found demo_interfaces_base: 0.0.0 (/home/ros2/exam/install/demo_interfaces_base/share/demo_interfaces_base/cmake)
[0.664s] -- Found turtlesim: 1.4.2 (/opt/ros/humble/share/turtlesim/cmake)
[0.679s] -- Found geometry_msgs: 4.9.0 (/opt/ros/humble/share/geometry_msgs/cmake)
[0.694s] -- Found rclcpp_action: 16.0.14 (/opt/ros/humble/share/rclcpp_action/cmake)
[0.717s] -- Found ament_lint_auto: 0.12.14 (/opt/ros/humble/share/ament_lint_auto/cmake)
[0.825s] -- Added test 'cppcheck' to perform static code analysis on C / C++ code
[0.825s] -- Configured cppcheck include dirs: $<BUILD_INTERFACE:/home/ros2/exam/cpp06_exercise/include>
[0.825s] -- Configured cppcheck exclude dirs and/or files: 
[0.826s] -- Added test 'flake8' to check Python code syntax and style conventions
[0.827s] -- Added test 'lint_cmake' to check CMake code style
[0.827s] -- Added test 'pep257' to check Python code against some of the docstring style conventions in PEP 257
[0.838s] -- Added test 'uncrustify' to check C / C++ code style
[0.838s] -- Configured uncrustify additional arguments: 
[0.838s] -- Added test 'xmllint' to check XML markup files
[0.838s] -- Configuring done
[0.889s] -- Generating done
[0.908s] -- Build files have been written to: /home/ros2/exam/build/cpp06_exercise
[0.961s] [35m[1mConsolidate compiler generated dependencies of target exer02_client[0m
[0.966s] [35m[1mConsolidate compiler generated dependencies of target exer03_action_client[0m
[0.967s] [35m[1mConsolidate compiler generated dependencies of target exer02_service[0m
[0.984s] [35m[1mConsolidate compiler generated dependencies of target exer03_action_server[0m
[0.990s] [35m[1mConsolidate compiler generated dependencies of target exer01_pub_sub[0m
[1.011s] [ 10%] [32mBuilding CXX object CMakeFiles/exer02_service.dir/src/exer02_service.cpp.o[0m
[1.011s] [ 20%] [32m[1mLinking CXX executable exer03_action_client[0m
[1.028s] [ 30%] [32mBuilding CXX object CMakeFiles/exer02_client.dir/src/exer02_client.cpp.o[0m
[1.034s] [ 40%] [32m[1mLinking CXX executable exer03_action_server[0m
[1.067s] [ 50%] [32m[1mLinking CXX executable exer01_pub_sub[0m
[1.359s] [ 60%] Built target exer03_action_client
[1.363s] /usr/bin/ld: CMakeFiles/exer03_action_server.dir/src/exer03_action_server.cpp.o: in function `rclcpp_action::Server<demo_interfaces_base::action::Realtimedistance>::Server(std::shared_ptr<rclcpp::node_interfaces::NodeBaseInterface>, std::shared_ptr<rclcpp::node_interfaces::NodeClockInterface>, std::shared_ptr<rclcpp::node_interfaces::NodeLoggingInterface>, std::__cxx11::basic_string<char, std::char_traits<char>, std::allocator<char> > const&, rcl_action_server_options_s const&, std::function<rclcpp_action::GoalResponse (std::array<unsigned char, 16ul> const&, std::shared_ptr<demo_interfaces_base::action::Realtimedistance_Goal_<std::allocator<void> > const>)>, std::function<rclcpp_action::CancelResponse (std::shared_ptr<rclcpp_action::ServerGoalHandle<demo_interfaces_base::action::Realtimedistance> >)>, std::function<void (std::shared_ptr<rclcpp_action::ServerGoalHandle<demo_interfaces_base::action::Realtimedistance> >)>)':
[1.363s] exer03_action_server.cpp:(.text._ZN13rclcpp_action6ServerIN20demo_interfaces_base6action16RealtimedistanceEEC2ESt10shared_ptrIN6rclcpp15node_interfaces17NodeBaseInterfaceEES5_INS7_18NodeClockInterfaceEES5_INS7_20NodeLoggingInterfaceEERKNSt7__cxx1112basic_stringIcSt11char_traitsIcESaIcEEERK27rcl_action_server_options_sSt8functionIFNS_12GoalResponseERKSt5arrayIhLm16EES5_IKNS2_22Realtimedistance_Goal_ISaIvEEEEEESP_IFNS_14CancelResponseES5_INS_16ServerGoalHandleIS3_EEEEESP_IFvS15_EE[_ZN13rclcpp_action6ServerIN20demo_interfaces_base6action16RealtimedistanceEEC5ESt10shared_ptrIN6rclcpp15node_interfaces17NodeBaseInterfaceEES5_INS7_18NodeClockInterfaceEES5_INS7_20NodeLoggingInterfaceEERKNSt7__cxx1112basic_stringIcSt11char_traitsIcESaIcEEERK27rcl_action_server_options_sSt8functionIFNS_12GoalResponseERKSt5arrayIhLm16EES5_IKNS2_22Realtimedistance_Goal_ISaIvEEEEEESP_IFNS_14CancelResponseES5_INS_16ServerGoalHandleIS3_EEEEESP_IFvS15_EE]+0x5f): undefined reference to `rosidl_action_type_support_t const* rosidl_typesupport_cpp::get_action_type_support_handle<demo_interfaces_base::action::Realtimedistance>()'
[1.394s] collect2: error: ld returned 1 exit status
[1.396s] gmake[2]: *** [CMakeFiles/exer03_action_server.dir/build.make:201: exer03_action_server] Error 1
[1.396s] gmake[1]: *** [CMakeFiles/Makefile2:249: CMakeFiles/exer03_action_server.dir/all] Error 2
[1.396s] gmake[1]: *** Waiting for unfinished jobs....
[2.016s] [ 70%] Built target exer01_pub_sub
[7.363s] [ 80%] [32m[1mLinking CXX executable exer02_client[0m
[7.668s] [ 80%] Built target exer02_client
[14.713s] [ 90%] [32m[1mLinking CXX executable exer02_service[0m
[15.311s] [ 90%] Built target exer02_service
[15.312s] gmake: *** [Makefile:146: all] Error 2
[15.318s] Invoked command in '/home/ros2/exam/build/cpp06_exercise' returned '2': CMAKE_PREFIX_PATH=/home/ros2/exam/install/turtlesim:/home/ros2/exam/install/demo_interfaces_base:/home/ros2/exam/install/cpp06_exercise:/home/ros2/exam/install/cpp04_param:/home/ros2/exam/install/cpp03_action:/home/ros2/exam/install/cpp02_service:/home/ros2/exam/install/cpp01_topic:/home/ros2/exam/install/cpp05_time:/opt/ros/humble /usr/bin/cmake --build /home/ros2/exam/build/cpp06_exercise -- -j12 -l12
