[35m[1mConsolidate compiler generated dependencies of target demo01_param_client[0m
[ 33%] Built target demo01_param_server
[ 66%] Built target demo01_param
[ 83%] [32mBuilding CXX object CMakeFiles/demo01_param_client.dir/src/demo01_param_client.cpp.o[0m
[01m[K/home/ros2/ws01_plubing/src/cpp04_param/src/demo01_param_client.cpp:[m[K In function â€˜[01m[Kint main(int, char**)[m[Kâ€™:
[01m[K/home/ros2/ws01_plubing/src/cpp04_param/src/demo01_param_client.cpp:48:11:[m[K [01;31m[Kerror: [m[Kâ€˜[01m[Kusing element_type = class ParamClient[m[Kâ€™ {aka â€˜[01m[Kclass ParamClient[m[Kâ€™} has no member named â€˜[01m[Kdeclare_params[m[Kâ€™; did you mean â€˜[01m[Kdel_params[m[Kâ€™?
   48 |     node->[01;31m[Kdeclare_params[m[K();
      |           [01;31m[K^~~~~~~~~~~~~~[m[K
      |           [32m[Kdel_params[m[K
gmake[2]: *** [CMakeFiles/demo01_param_client.dir/build.make:76: CMakeFiles/demo01_param_client.dir/src/demo01_param_client.cpp.o] Error 1
gmake[1]: *** [CMakeFiles/Makefile2:193: CMakeFiles/demo01_param_client.dir/all] Error 2
gmake: *** [Makefile:146: all] Error 2
