[0.058s] Invoking command in '/home/ros2/ws01_plubing/build/cpp04_param': CMAKE_PREFIX_PATH=${CMAKE_PREFIX_PATH}:/opt/ros/humble /usr/bin/cmake --build /home/ros2/ws01_plubing/build/cpp04_param -- -j12 -l12
[0.136s] [35m[1mConsolidate compiler generated dependencies of target demo01_param_client[0m
[0.150s] [ 33%] Built target demo01_param_server
[0.156s] [ 66%] Built target demo01_param
[0.163s] [ 83%] [32mBuilding CXX object CMakeFiles/demo01_param_client.dir/src/demo01_param_client.cpp.o[0m
[2.522s] [01m[K/home/ros2/ws01_plubing/src/cpp04_param/src/demo01_param_client.cpp:[m[K In function â€˜[01m[Kint main(int, char**)[m[Kâ€™:
[2.522s] [01m[K/home/ros2/ws01_plubing/src/cpp04_param/src/demo01_param_client.cpp:48:11:[m[K [01;31m[Kerror: [m[Kâ€˜[01m[Kusing element_type = class ParamClient[m[Kâ€™ {aka â€˜[01m[Kclass ParamClient[m[Kâ€™} has no member named â€˜[01m[Kdeclare_params[m[Kâ€™; did you mean â€˜[01m[Kdel_params[m[Kâ€™?
[2.522s]    48 |     node->[01;31m[Kdeclare_params[m[K();
[2.523s]       |           [01;31m[K^~~~~~~~~~~~~~[m[K
[2.523s]       |           [32m[Kdel_params[m[K
[3.057s] gmake[2]: *** [CMakeFiles/demo01_param_client.dir/build.make:76: CMakeFiles/demo01_param_client.dir/src/demo01_param_client.cpp.o] Error 1
[3.058s] gmake[1]: *** [CMakeFiles/Makefile2:193: CMakeFiles/demo01_param_client.dir/all] Error 2
[3.058s] gmake: *** [Makefile:146: all] Error 2
[3.062s] Invoked command in '/home/ros2/ws01_plubing/build/cpp04_param' returned '2': CMAKE_PREFIX_PATH=${CMAKE_PREFIX_PATH}:/opt/ros/humble /usr/bin/cmake --build /home/ros2/ws01_plubing/build/cpp04_param -- -j12 -l12
