[0.065s] Invoking command in '/home/ros2/exam/build/demo_interfaces_base': CMAKE_PREFIX_PATH=/opt/ros/humble /usr/bin/cmake --build /home/ros2/exam/build/demo_interfaces_base -- -j12 -l12
[0.122s] -- Found ament_cmake: 1.3.12 (/opt/ros/humble/share/ament_cmake/cmake)
[0.249s] -- Found rosidl_default_generators: 1.2.0 (/opt/ros/humble/share/rosidl_default_generators/cmake)
[0.251s] -- Using all available rosidl_typesupport_c: rosidl_typesupport_fastrtps_c;rosidl_typesupport_introspection_c
[0.255s] -- Found rosidl_adapter: 3.1.7 (/opt/ros/humble/share/rosidl_adapter/cmake)
[0.287s] -- Using all available rosidl_typesupport_cpp: rosidl_typesupport_fastrtps_cpp;rosidl_typesupport_introspection_cpp
[0.546s] [31mCMake Error at /opt/ros/humble/share/rosidl_adapter/cmake/rosidl_adapt_interfaces.cmake:59 (message):
[0.546s]   execute_process(/usr/bin/python3 -m rosidl_adapter --package-name
[0.546s]   demo_interfaces_base --arguments-file
[0.546s]   /home/ros2/exam/build/demo_interfaces_base/rosidl_adapter__arguments__demo_interfaces_base.json
[0.547s]   --output-dir
[0.547s]   /home/ros2/exam/build/demo_interfaces_base/rosidl_adapter/demo_interfaces_base
[0.547s]   --output-file
[0.547s]   /home/ros2/exam/build/demo_interfaces_base/rosidl_adapter/demo_interfaces_base.idls)
[0.547s]   returned error code 1:
[0.547s] 
[0.547s]   Traceback (most recent call last):
[0.547s] 
[0.547s]     File "/usr/lib/python3.10/runpy.py", line 196, in _run_module_as_main
[0.547s]       return _run_code(code, main_globals, None,
[0.547s]     File "/usr/lib/python3.10/runpy.py", line 86, in _run_code
[0.548s]       exec(code, run_globals)
[0.548s]     File "/opt/ros/humble/local/lib/python3.10/dist-packages/rosidl_adapter/__main__.py", line 19, in <module>
[0.548s]       sys.exit(main())
[0.548s]     File "/opt/ros/humble/local/lib/python3.10/dist-packages/rosidl_adapter/main.py", line 53, in main
[0.548s]       abs_idl_file = convert_to_idl(
[0.548s]     File "/opt/ros/humble/local/lib/python3.10/dist-packages/rosidl_adapter/__init__.py", line 29, in convert_to_idl
[0.548s]       return convert_action_to_idl(
[0.548s]     File "/opt/ros/humble/local/lib/python3.10/dist-packages/rosidl_adapter/action/__init__.py", line 28, in convert_action_to_idl
[0.548s]       action = parse_action_string(package_name, input_file.stem, content)
[0.548s]     File "/opt/ros/humble/local/lib/python3.10/dist-packages/rosidl_adapter/parser.py", line 894, in parse_action_string
[0.549s]       raise InvalidActionSpecification(
[0.549s] 
[0.549s]   rosidl_adapter.parser.InvalidActionSpecification: Number of '---'
[0.549s]   separators nonconformant with action definition
[0.549s] 
[0.549s] Call Stack (most recent call first):
[0.549s]   /opt/ros/humble/share/rosidl_cmake/cmake/rosidl_generate_interfaces.cmake:130 (rosidl_adapt_interfaces)
[0.549s]   CMakeLists.txt:15 (rosidl_generate_interfaces)
[0.549s] 
[0.549s] [0m
[0.549s] -- Configuring incomplete, errors occurred!
[0.549s] See also "/home/ros2/exam/build/demo_interfaces_base/CMakeFiles/CMakeOutput.log".
[0.557s] gmake: *** [Makefile:1395: cmake_check_build_system] Error 1
[0.560s] Invoked command in '/home/ros2/exam/build/demo_interfaces_base' returned '2': CMAKE_PREFIX_PATH=/opt/ros/humble /usr/bin/cmake --build /home/ros2/exam/build/demo_interfaces_base -- -j12 -l12
