[0.027s] Invoking command in '/home/ros2/exam/build/cpp03_action': AMENT_PREFIX_PATH=/home/ros2/exam/install/demo_interfaces_base:${AMENT_PREFIX_PATH} CMAKE_PREFIX_PATH=/home/ros2/exam/install/demo_interfaces_base:/opt/ros/humble LD_LIBRARY_PATH=/home/ros2/exam/install/demo_interfaces_base/lib:${LD_LIBRARY_PATH} PYTHONPATH=/home/ros2/exam/install/demo_interfaces_base/local/lib/python3.10/dist-packages:${PYTHONPATH} /usr/bin/cmake --build /home/ros2/exam/build/cpp03_action -- -j12 -l12
[0.065s] -- Found ament_cmake: 1.3.12 (/opt/ros/humble/share/ament_cmake/cmake)
[0.221s] -- Found rclcpp: 16.0.14 (/opt/ros/humble/share/rclcpp/cmake)
[0.252s] -- Found rosidl_generator_c: 3.1.7 (/opt/ros/humble/share/rosidl_generator_c/cmake)
[0.254s] -- Found rosidl_adapter: 3.1.7 (/opt/ros/humble/share/rosidl_adapter/cmake)
[0.260s] -- Found rosidl_generator_cpp: 3.1.7 (/opt/ros/humble/share/rosidl_generator_cpp/cmake)
[0.269s] -- Using all available rosidl_typesupport_c: rosidl_typesupport_fastrtps_c;rosidl_typesupport_introspection_c
[0.279s] -- Using all available rosidl_typesupport_cpp: rosidl_typesupport_fastrtps_cpp;rosidl_typesupport_introspection_cpp
[0.306s] -- Found rmw_implementation_cmake: 6.1.2 (/opt/ros/humble/share/rmw_implementation_cmake/cmake)
[0.307s] -- Found rmw_fastrtps_cpp: 6.2.8 (/opt/ros/humble/share/rmw_fastrtps_cpp/cmake)
[0.420s] -- Using RMW implementation 'rmw_fastrtps_cpp' as default
[0.470s] -- Found demo_interfaces_base: 0.0.0 (/home/ros2/exam/install/demo_interfaces_base/share/demo_interfaces_base/cmake)
[0.549s] -- Found rclcpp_action: 16.0.14 (/opt/ros/humble/share/rclcpp_action/cmake)
[0.624s] -- Found ament_lint_auto: 0.12.14 (/opt/ros/humble/share/ament_lint_auto/cmake)
[0.709s] -- Added test 'cppcheck' to perform static code analysis on C / C++ code
[0.709s] -- Configured cppcheck include dirs: $<BUILD_INTERFACE:/home/ros2/exam/cpp03_action/include>
[0.709s] -- Configured cppcheck exclude dirs and/or files: 
[0.710s] -- Added test 'lint_cmake' to check CMake code style
[0.712s] -- Added test 'uncrustify' to check C / C++ code style
[0.712s] -- Configured uncrustify additional arguments: 
[0.712s] -- Added test 'xmllint' to check XML markup files
[0.714s] -- Configuring done
[0.739s] -- Generating done
[0.746s] -- Build files have been written to: /home/ros2/exam/build/cpp03_action
[0.814s] [ 50%] [32mBuilding CXX object CMakeFiles/demo01_action_server.dir/src/demo01_action_server.cpp.o[0m
[3.450s] In file included from [01m[K/usr/include/c++/11/pstl/glue_algorithm_defs.h:13[m[K,
[3.450s]                  from [01m[K/usr/include/c++/11/algorithm:74[m[K,
[3.450s]                  from [01m[K/opt/ros/humble/include/rclcpp/rclcpp/executor.hpp:18[m[K,
[3.450s]                  from [01m[K/opt/ros/humble/include/rclcpp/rclcpp/executors/multi_threaded_executor.hpp:25[m[K,
[3.450s]                  from [01m[K/opt/ros/humble/include/rclcpp/rclcpp/executors.hpp:21[m[K,
[3.450s]                  from [01m[K/opt/ros/humble/include/rclcpp/rclcpp/rclcpp.hpp:155[m[K,
[3.450s]                  from [01m[K/home/ros2/exam/cpp03_action/src/demo01_action_server.cpp:1[m[K:
[3.451s] /usr/include/c++/11/functional: In instantiation of â€˜[01m[Kstruct std::_Bind_check_arity<void (ActionServer::*)(), ActionServer*, const std::_Placeholder<1>&, const std::_Placeholder<2>&>[m[Kâ€™:
[3.451s] [01m[K/usr/include/c++/11/functional:768:12:[m[K   required from â€˜[01m[Kstruct std::_Bind_helper<false, void (ActionServer::*)(), ActionServer*, const std::_Placeholder<1>&, const std::_Placeholder<2>&>[m[Kâ€™
[3.451s] [01m[K/usr/include/c++/11/functional:789:5:[m[K   required by substitution of â€˜[01m[Ktemplate<class _Func, class ... _BoundArgs> typename std::_Bind_helper<std::__is_socketlike<_Func>::value, _Func, _BoundArgs ...>::type std::bind(_Func&&, _BoundArgs&& ...) [with _Func = void (ActionServer::*)(); _BoundArgs = {ActionServer*, const std::_Placeholder<1>&, const std::_Placeholder<2>&}][m[Kâ€™
[3.451s] [01m[K/home/ros2/exam/cpp03_action/src/demo01_action_server.cpp:12:16:[m[K   required from here
[3.451s] [01m[K/usr/include/c++/11/functional:756:21:[m[K [01;31m[Kerror: [m[Kstatic assertion failed: Wrong number of arguments for pointer-to-member
[3.451s]   755 |       static_assert(_Varargs::[01;31m[Kvalue[m[K
[3.451s]       |                               [01;31m[K~~~~~[m[K
[3.451s]   756 | [01;31m[K                    ? sizeof...(_BoundArgs) >= _Arity::value + 1[m[K
[3.451s]       |                     [01;31m[K^~~~~~~~~~~~~~~~~~~~~~~~~~~~~~~~~~~~~~~~~~~~[m[K
[3.451s]   757 | [01;31m[K                    : sizeof...(_BoundArgs) == _Arity::value + 1[m[K,
[3.451s]       |                     [01;31m[K~~~~~~~~~~~~~~~~~~~~~~~~~~~~~~~~~~~~~~~~~~~~[m[K
[3.451s] [01m[K/usr/include/c++/11/functional:756:21:[m[K [01;36m[Knote: [m[Kâ€˜[01m[K(false ? (3 >= (((long unsigned int)std::integral_constant<long unsigned int, 0>::value) + 1)) : (3 == (((long unsigned int)std::integral_constant<long unsigned int, 0>::value) + 1)))[m[Kâ€™ evaluates to false
[3.457s] /usr/include/c++/11/functional: In instantiation of â€˜[01m[Kstruct std::_Bind_check_arity<void (ActionServer::*)(), ActionServer*, const std::_Placeholder<1>&>[m[Kâ€™:
[3.457s] [01m[K/usr/include/c++/11/functional:768:12:[m[K   required from â€˜[01m[Kstruct std::_Bind_helper<false, void (ActionServer::*)(), ActionServer*, const std::_Placeholder<1>&>[m[Kâ€™
[3.457s] [01m[K/usr/include/c++/11/functional:789:5:[m[K   required by substitution of â€˜[01m[Ktemplate<class _Func, class ... _BoundArgs> typename std::_Bind_helper<std::__is_socketlike<_Func>::value, _Func, _BoundArgs ...>::type std::bind(_Func&&, _BoundArgs&& ...) [with _Func = void (ActionServer::*)(); _BoundArgs = {ActionServer*, const std::_Placeholder<1>&}][m[Kâ€™
[3.457s] [01m[K/home/ros2/exam/cpp03_action/src/demo01_action_server.cpp:13:16:[m[K   required from here
[3.457s] [01m[K/usr/include/c++/11/functional:756:21:[m[K [01;31m[Kerror: [m[Kstatic assertion failed: Wrong number of arguments for pointer-to-member
[3.457s] [01m[K/usr/include/c++/11/functional:756:21:[m[K [01;36m[Knote: [m[Kâ€˜[01m[K(false ? (2 >= (((long unsigned int)std::integral_constant<long unsigned int, 0>::value) + 1)) : (2 == (((long unsigned int)std::integral_constant<long unsigned int, 0>::value) + 1)))[m[Kâ€™ evaluates to false
[3.462s] [01m[K/home/ros2/exam/cpp03_action/src/demo01_action_server.cpp:[m[K In constructor â€˜[01m[KActionServer::ActionServer(const rclcpp::NodeOptions&)[m[Kâ€™:
[3.463s] [01m[K/home/ros2/exam/cpp03_action/src/demo01_action_server.cpp:11:64:[m[K [01;31m[Kerror: [m[Kno matching function for call to â€˜[01m[Kcreate_server<Action>(ActionServer*, const char [7], std::_Bind_helper<false, void (ActionServer::*)(), ActionServer*, const std::_Placeholder<1>&, const std::_Placeholder<2>&>::type, std::_Bind_helper<false, void (ActionServer::*)(), ActionServer*, const std::_Placeholder<1>&>::type, std::_Bind_helper<false, void (ActionServer::*)(), ActionServer*, const std::_Placeholder<1>&>::type)[m[Kâ€™
[3.463s]    11 |     this->action_server_ = [01;31m[Krclcpp_action::create_server<Action>(this, "action",[m[K
[3.463s]       |                            [01;31m[K~~~~~~~~~~~~~~~~~~~~~~~~~~~~~~~~~~~~^~~~~~~~~~~~~~~~[m[K
[3.463s]    12 | [01;31m[K      std::bind(&ActionServer::handle_goal, this, std::placeholders::_1, std::placeholders::_2),[m[K
[3.463s]       |       [01;31m[K~~~~~~~~~~~~~~~~~~~~~~~~~~~~~~~~~~~~~~~~~~~~~~~~~~~~~~~~~~~~~~~~~~~~~~~~~~~~~~~~~~~~~~~~~~[m[K
[3.463s]    13 | [01;31m[K      std::bind(&ActionServer::handle_cancel, this, std::placeholders::_1),[m[K
[3.463s]       |       [01;31m[K~~~~~~~~~~~~~~~~~~~~~~~~~~~~~~~~~~~~~~~~~~~~~~~~~~~~~~~~~~~~~~~~~~~~~[m[K
[3.463s]    14 | [01;31m[K      std::bind(&ActionServer::handle_accepted, this, std::placeholders::_1))[m[K;
[3.463s]       |       [01;31m[K~~~~~~~~~~~~~~~~~~~~~~~~~~~~~~~~~~~~~~~~~~~~~~~~~~~~~~~~~~~~~~~~~~~~~~~[m[K
[3.463s] In file included from [01m[K/opt/ros/humble/include/rclcpp_action/rclcpp_action/rclcpp_action.hpp:39[m[K,
[3.463s]                  from [01m[K/home/ros2/exam/cpp03_action/src/demo01_action_server.cpp:2[m[K:
[3.463s] [01m[K/opt/ros/humble/include/rclcpp_action/rclcpp_action/create_server.hpp:58:1:[m[K [01;36m[Knote: [m[Kcandidate: â€˜[01m[Ktypename rclcpp_action::Server<ActionT>::SharedPtr rclcpp_action::create_server(rclcpp::node_interfaces::NodeBaseInterface::SharedPtr, rclcpp::node_interfaces::NodeClockInterface::SharedPtr, rclcpp::node_interfaces::NodeLoggingInterface::SharedPtr, rclcpp::node_interfaces::NodeWaitablesInterface::SharedPtr, const string&, typename rclcpp_action::Server<ActionT>::GoalCallback, typename rclcpp_action::Server<ActionT>::CancelCallback, typename rclcpp_action::Server<ActionT>::AcceptedCallback, const rcl_action_server_options_t&, rclcpp::CallbackGroup::SharedPtr) [with ActionT = demo_interfaces_base::action::Action; typename rclcpp_action::Server<ActionT>::SharedPtr = std::shared_ptr<rclcpp_action::Server<demo_interfaces_base::action::Action> >; rclcpp::node_interfaces::NodeBaseInterface::SharedPtr = std::shared_ptr<rclcpp::node_interfaces::NodeBaseInterface>; rclcpp::node_interfaces::NodeClockInterface::SharedPtr = std::shared_ptr<rclcpp::node_interfaces::NodeClockInterface>; rclcpp::node_interfaces::NodeLoggingInterface::SharedPtr = std::shared_ptr<rclcpp::node_interfaces::NodeLoggingInterface>; rclcpp::node_interfaces::NodeWaitablesInterface::SharedPtr = std::shared_ptr<rclcpp::node_interfaces::NodeWaitablesInterface>; std::string = std::__cxx11::basic_string<char>; typename rclcpp_action::Server<ActionT>::GoalCallback = std::function<rclcpp_action::GoalResponse(const std::array<unsigned char, 16>&, std::shared_ptr<const demo_interfaces_base::action::Action_Goal_<std::allocator<void> > >)>; typename rclcpp_action::Server<ActionT>::CancelCallback = std::function<rclcpp_action::CancelResponse(std::shared_ptr<rclcpp_action::ServerGoalHandle<demo_interfaces_base::action::Action> >)>; typename rclcpp_action::Server<ActionT>::AcceptedCallback = std::function<void(std::shared_ptr<rclcpp_action::ServerGoalHandle<demo_interfaces_base::action::Action> >)>; rcl_action_server_options_t = rcl_action_server_options_s; rclcpp::CallbackGroup::SharedPtr = std::shared_ptr<rclcpp::CallbackGroup>][m[Kâ€™
[3.463s]    58 | [01;36m[Kcreate_server[m[K(
[3.463s]       | [01;36m[K^~~~~~~~~~~~~[m[K
[3.505s] [01m[K/opt/ros/humble/include/rclcpp_action/rclcpp_action/create_server.hpp:58:1:[m[K [01;36m[Knote: [m[K  candidate expects 10 arguments, 5 provided
[3.505s] [01m[K/opt/ros/humble/include/rclcpp_action/rclcpp_action/create_server.hpp:132:1:[m[K [01;36m[Knote: [m[Kcandidate: â€˜[01m[Ktemplate<class ActionT, class NodeT> typename rclcpp_action::Server<ActionT>::SharedPtr rclcpp_action::create_server(NodeT, const string&, typename rclcpp_action::Server<ActionT>::GoalCallback, typename rclcpp_action::Server<ActionT>::CancelCallback, typename rclcpp_action::Server<ActionT>::AcceptedCallback, const rcl_action_server_options_t&, rclcpp::CallbackGroup::SharedPtr)[m[Kâ€™
[3.505s]   132 | [01;36m[Kcreate_server[m[K(
[3.505s]       | [01;36m[K^~~~~~~~~~~~~[m[K
[3.506s] [01m[K/opt/ros/humble/include/rclcpp_action/rclcpp_action/create_server.hpp:132:1:[m[K [01;36m[Knote: [m[K  template argument deduction/substitution failed:
[3.506s] [01m[K/home/ros2/exam/cpp03_action/src/demo01_action_server.cpp:12:16:[m[K [01;36m[Knote: [m[K  cannot convert â€˜[01m[Kstd::bind(_Func&&, _BoundArgs&& ...) [with _Func = void (ActionServer::*)(); _BoundArgs = {ActionServer*, const std::_Placeholder<1>&, const std::_Placeholder<2>&}; typename std::_Bind_helper<std::__is_socketlike<_Func>::value, _Func, _BoundArgs ...>::type = std::_Bind_helper<false, void (ActionServer::*)(), ActionServer*, const std::_Placeholder<1>&, const std::_Placeholder<2>&>::type; std::__is_socketlike<_Func> = std::__is_socketlike<void (ActionServer::*)(), void (ActionServer::*)()>; typename std::decay<_Tp>::type = void (ActionServer::*)()](((ActionServer*)this), std::placeholders::_1, std::placeholders::_2)[m[Kâ€™ (type â€˜[01m[Kstd::_Bind_helper<false, void (ActionServer::*)(), ActionServer*, const std::_Placeholder<1>&, const std::_Placeholder<2>&>::type[m[Kâ€™) to type â€˜[01m[Krclcpp_action::Server<demo_interfaces_base::action::Action>::GoalCallback[m[Kâ€™ {aka â€˜[01m[Kstd::function<rclcpp_action::GoalResponse(const std::array<unsigned char, 16>&, std::shared_ptr<const demo_interfaces_base::action::Action_Goal_<std::allocator<void> > >)>[m[Kâ€™}
[3.506s]    12 |       [01;36m[Kstd::bind(&ActionServer::handle_goal, this, std::placeholders::_1, std::placeholders::_2)[m[K,
[3.506s]       |       [01;36m[K~~~~~~~~~^~~~~~~~~~~~~~~~~~~~~~~~~~~~~~~~~~~~~~~~~~~~~~~~~~~~~~~~~~~~~~~~~~~~~~~~~~~~~~~~[m[K
[4.024s] gmake[2]: *** [CMakeFiles/demo01_action_server.dir/build.make:76: CMakeFiles/demo01_action_server.dir/src/demo01_action_server.cpp.o] Error 1
[4.024s] gmake[1]: *** [CMakeFiles/Makefile2:137: CMakeFiles/demo01_action_server.dir/all] Error 2
[4.025s] gmake: *** [Makefile:146: all] Error 2
[4.028s] Invoked command in '/home/ros2/exam/build/cpp03_action' returned '2': AMENT_PREFIX_PATH=/home/ros2/exam/install/demo_interfaces_base:${AMENT_PREFIX_PATH} CMAKE_PREFIX_PATH=/home/ros2/exam/install/demo_interfaces_base:/opt/ros/humble LD_LIBRARY_PATH=/home/ros2/exam/install/demo_interfaces_base/lib:${LD_LIBRARY_PATH} PYTHONPATH=/home/ros2/exam/install/demo_interfaces_base/local/lib/python3.10/dist-packages:${PYTHONPATH} /usr/bin/cmake --build /home/ros2/exam/build/cpp03_action -- -j12 -l12
