[ 16%] [32mBuilding CXX object CMakeFiles/demo01_pub_stu.dir/src/demo01_pub_stu.cpp.o[0m
[ 83%] Built target demo01_sub_str
[ 83%] Built target demo01_pub_str
[01m[K/home/ros2/exam/cpp01_topic/src/demo01_pub_stu.cpp:2:10:[m[K [01;31m[Kfatal error: [m[Kdemo_interfaces_base/msg/student.hpp: No such file or directory
    2 | #include [01;31m[K"demo_interfaces_base/msg/student.hpp"[m[K
      |          [01;31m[K^~~~~~~~~~~~~~~~~~~~~~~~~~~~~~~~~~~~~~[m[K
compilation terminated.
gmake[2]: *** [CMakeFiles/demo01_pub_stu.dir/build.make:76: CMakeFiles/demo01_pub_stu.dir/src/demo01_pub_stu.cpp.o] Error 1
gmake[1]: *** [CMakeFiles/Makefile2:193: CMakeFiles/demo01_pub_stu.dir/all] Error 2
gmake: *** [Makefile:146: all] Error 2
