[35m[1mConsolidate compiler generated dependencies of target exer02_service[0m
[35m[1mConsolidate compiler generated dependencies of target exer02_client[0m
[35m[1mConsolidate compiler generated dependencies of target exer01_pub_sub[0m
[ 10%] [32mBuilding CXX object CMakeFiles/exer03_action_server.dir/src/exer03_action_server.cpp.o[0m
[ 20%] [32mBuilding CXX object CMakeFiles/exer03_action_client.dir/src/exer03_action_client.cpp.o[0m
[ 40%] Built target exer01_pub_sub
[ 60%] Built target exer02_client
[ 80%] Built target exer02_service
[01m[K/home/ros2/exam/cpp06_exercise/src/exer03_action_client.cpp:2:10:[m[K [01;31m[Kfatal error: [m[Kdemo_interfaces_base/action/realtimedistance.hpp: No such file or directory
    2 | #include [01;31m[K"demo_interfaces_base/action/realtimedistance.hpp"[m[K
      |          [01;31m[K^~~~~~~~~~~~~~~~~~~~~~~~~~~~~~~~~~~~~~~~~~~~~~~~~~[m[K
compilation terminated.
gmake[2]: *** [CMakeFiles/exer03_action_client.dir/build.make:76: CMakeFiles/exer03_action_client.dir/src/exer03_action_client.cpp.o] Error 1
gmake[1]: *** [CMakeFiles/Makefile2:223: CMakeFiles/exer03_action_client.dir/all] Error 2
gmake[1]: *** Waiting for unfinished jobs....
[ 90%] [32m[1mLinking CXX executable exer03_action_server[0m
[ 90%] Built target exer03_action_server
gmake: *** [Makefile:146: all] Error 2
