[0.000000] (-) TimerEvent: {}
[0.000649] (-) JobUnselected: {'identifier': 'cpp01_topic'}
[0.000729] (-) JobUnselected: {'identifier': 'cpp02_service'}
[0.000749] (-) JobUnselected: {'identifier': 'cpp04_param'}
[0.000776] (-) JobUnselected: {'identifier': 'demo_interfaces_base'}
[0.000800] (cpp03_action) JobQueued: {'identifier': 'cpp03_action', 'dependencies': OrderedDict([('demo_interfaces_base', '/home/ros2/exam/install/demo_interfaces_base')])}
[0.001039] (cpp03_action) JobStarted: {'identifier': 'cpp03_action'}
[0.015789] (cpp03_action) JobProgress: {'identifier': 'cpp03_action', 'progress': 'cmake'}
[0.017980] (cpp03_action) Command: {'cmd': ['/usr/bin/cmake', '/home/ros2/exam/cpp03_action', '-DCMAKE_INSTALL_PREFIX=/home/ros2/exam/install/cpp03_action'], 'cwd': '/home/ros2/exam/build/cpp03_action', 'env': OrderedDict([('LESSOPEN', '| /usr/bin/lesspipe %s'), ('LANGUAGE', 'en_US:'), ('USER', 'ros2'), ('SSH_CLIENT', '192.168.174.1 51167 22'), ('LC_TIME', 'zh_CN.UTF-8'), ('XDG_SESSION_TYPE', 'tty'), ('GIT_ASKPASS', '/home/ros2/.vscode-server/cli/servers/Stable-e3550cfac4b63ca4eafca7b601f0d2885817fd1f/server/extensions/git/dist/askpass.sh'), ('SHLVL', '1'), ('LD_LIBRARY_PATH', '/home/ros2/exam/install/demo_interfaces_base/lib:/opt/ros/humble/opt/rviz_ogre_vendor/lib:/opt/ros/humble/lib/x86_64-linux-gnu:/opt/ros/humble/lib'), ('BROWSER', '/home/ros2/.vscode-server/cli/servers/Stable-e3550cfac4b63ca4eafca7b601f0d2885817fd1f/server/bin/helpers/browser.sh'), ('MOTD_SHOWN', 'pam'), ('HOME', '/home/ros2'), ('TERM_PROGRAM_VERSION', '1.103.0'), ('VSCODE_IPC_HOOK_CLI', '/run/user/1000/vscode-ipc-2eea4cb4-4baa-48bf-9ee7-8fed114b8274.sock'), ('ROS_PYTHON_VERSION', '3'), ('VSCODE_GIT_ASKPASS_MAIN', '/home/ros2/.vscode-server/cli/servers/Stable-e3550cfac4b63ca4eafca7b601f0d2885817fd1f/server/extensions/git/dist/askpass-main.js'), ('LC_MONETARY', 'zh_CN.UTF-8'), ('VSCODE_GIT_ASKPASS_NODE', '/home/ros2/.vscode-server/cli/servers/Stable-e3550cfac4b63ca4eafca7b601f0d2885817fd1f/server/node'), ('SSL_CERT_FILE', '/usr/lib/ssl/certs/ca-certificates.crt'), ('DBUS_SESSION_BUS_ADDRESS', 'unix:path=/run/user/1000/bus'), ('COLORTERM', 'truecolor'), ('ROS_DISTRO', 'humble'), ('LOGNAME', 'ros2'), ('_', '/usr/bin/colcon'), ('ROS_VERSION', '2'), ('XDG_SESSION_CLASS', 'user'), ('TERM', 'xterm-256color'), ('XDG_SESSION_ID', '3'), ('ROS_LOCALHOST_ONLY', '0'), ('PATH', '/home/ros2/.vscode-server/cli/servers/Stable-e3550cfac4b63ca4eafca7b601f0d2885817fd1f/server/bin/remote-cli:/opt/ros/humble/bin:/usr/local/sbin:/usr/local/bin:/usr/sbin:/usr/bin:/sbin:/bin:/usr/games:/usr/local/games:/snap/bin'), ('LC_ADDRESS', 'zh_CN.UTF-8'), ('XDG_RUNTIME_DIR', '/run/user/1000'), ('SSL_CERT_DIR', '/usr/lib/ssl/certs'), ('LANG', 'en_US.UTF-8'), ('LC_TELEPHONE', 'zh_CN.UTF-8'), ('LS_COLORS', 'rs=0:di=01;34:ln=01;36:mh=00:pi=40;33:so=01;35:do=01;35:bd=40;33;01:cd=40;33;01:or=40;31;01:mi=00:su=37;41:sg=30;43:ca=30;41:tw=30;42:ow=34;42:st=37;44:ex=01;32:*.tar=01;31:*.tgz=01;31:*.arc=01;31:*.arj=01;31:*.taz=01;31:*.lha=01;31:*.lz4=01;31:*.lzh=01;31:*.lzma=01;31:*.tlz=01;31:*.txz=01;31:*.tzo=01;31:*.t7z=01;31:*.zip=01;31:*.z=01;31:*.dz=01;31:*.gz=01;31:*.lrz=01;31:*.lz=01;31:*.lzo=01;31:*.xz=01;31:*.zst=01;31:*.tzst=01;31:*.bz2=01;31:*.bz=01;31:*.tbz=01;31:*.tbz2=01;31:*.tz=01;31:*.deb=01;31:*.rpm=01;31:*.jar=01;31:*.war=01;31:*.ear=01;31:*.sar=01;31:*.rar=01;31:*.alz=01;31:*.ace=01;31:*.zoo=01;31:*.cpio=01;31:*.7z=01;31:*.rz=01;31:*.cab=01;31:*.wim=01;31:*.swm=01;31:*.dwm=01;31:*.esd=01;31:*.jpg=01;35:*.jpeg=01;35:*.mjpg=01;35:*.mjpeg=01;35:*.gif=01;35:*.bmp=01;35:*.pbm=01;35:*.pgm=01;35:*.ppm=01;35:*.tga=01;35:*.xbm=01;35:*.xpm=01;35:*.tif=01;35:*.tiff=01;35:*.png=01;35:*.svg=01;35:*.svgz=01;35:*.mng=01;35:*.pcx=01;35:*.mov=01;35:*.mpg=01;35:*.mpeg=01;35:*.m2v=01;35:*.mkv=01;35:*.webm=01;35:*.webp=01;35:*.ogm=01;35:*.mp4=01;35:*.m4v=01;35:*.mp4v=01;35:*.vob=01;35:*.qt=01;35:*.nuv=01;35:*.wmv=01;35:*.asf=01;35:*.rm=01;35:*.rmvb=01;35:*.flc=01;35:*.avi=01;35:*.fli=01;35:*.flv=01;35:*.gl=01;35:*.dl=01;35:*.xcf=01;35:*.xwd=01;35:*.yuv=01;35:*.cgm=01;35:*.emf=01;35:*.ogv=01;35:*.ogx=01;35:*.aac=00;36:*.au=00;36:*.flac=00;36:*.m4a=00;36:*.mid=00;36:*.midi=00;36:*.mka=00;36:*.mp3=00;36:*.mpc=00;36:*.ogg=00;36:*.ra=00;36:*.wav=00;36:*.oga=00;36:*.opus=00;36:*.spx=00;36:*.xspf=00;36:'), ('VSCODE_GIT_IPC_HANDLE', '/run/user/1000/vscode-git-d28d503539.sock'), ('TERM_PROGRAM', 'vscode'), ('AMENT_PREFIX_PATH', '/home/ros2/exam/install/demo_interfaces_base:/opt/ros/humble'), ('SHELL', '/bin/bash'), ('LC_NAME', 'zh_CN.UTF-8'), ('LESSCLOSE', '/usr/bin/lesspipe %s %s'), ('LC_MEASUREMENT', 'zh_CN.UTF-8'), ('LC_IDENTIFICATION', 'zh_CN.UTF-8'), ('VSCODE_GIT_ASKPASS_EXTRA_ARGS', ''), ('PWD', '/home/ros2/exam/build/cpp03_action'), ('SSH_CONNECTION', '192.168.174.1 51167 192.168.174.156 22'), ('XDG_DATA_DIRS', '/usr/share/gnome:/usr/local/share:/usr/share:/var/lib/snapd/desktop'), ('PYTHONPATH', '/home/ros2/exam/install/demo_interfaces_base/local/lib/python3.10/dist-packages:/opt/ros/humble/lib/python3.10/site-packages:/opt/ros/humble/local/lib/python3.10/dist-packages'), ('LC_NUMERIC', 'zh_CN.UTF-8'), ('LC_PAPER', 'zh_CN.UTF-8'), ('COLCON', '1'), ('CMAKE_PREFIX_PATH', '/home/ros2/exam/install/demo_interfaces_base:/opt/ros/humble')]), 'shell': False}
[0.099351] (-) TimerEvent: {}
[0.138934] (cpp03_action) StdoutLine: {'line': b'-- The C compiler identification is GNU 11.4.0\n'}
[0.199720] (-) TimerEvent: {}
[0.235782] (cpp03_action) StdoutLine: {'line': b'-- The CXX compiler identification is GNU 11.4.0\n'}
[0.248435] (cpp03_action) StdoutLine: {'line': b'-- Detecting C compiler ABI info\n'}
[0.300180] (-) TimerEvent: {}
[0.400798] (-) TimerEvent: {}
[0.450943] (cpp03_action) StdoutLine: {'line': b'-- Detecting C compiler ABI info - done\n'}
[0.460716] (cpp03_action) StdoutLine: {'line': b'-- Check for working C compiler: /usr/bin/cc - skipped\n'}
[0.461340] (cpp03_action) StdoutLine: {'line': b'-- Detecting C compile features\n'}
[0.461956] (cpp03_action) StdoutLine: {'line': b'-- Detecting C compile features - done\n'}
[0.466037] (cpp03_action) StdoutLine: {'line': b'-- Detecting CXX compiler ABI info\n'}
[0.501051] (-) TimerEvent: {}
[0.601660] (-) TimerEvent: {}
[0.626462] (cpp03_action) StdoutLine: {'line': b'-- Detecting CXX compiler ABI info - done\n'}
[0.634524] (cpp03_action) StdoutLine: {'line': b'-- Check for working CXX compiler: /usr/bin/c++ - skipped\n'}
[0.635090] (cpp03_action) StdoutLine: {'line': b'-- Detecting CXX compile features\n'}
[0.635595] (cpp03_action) StdoutLine: {'line': b'-- Detecting CXX compile features - done\n'}
[0.639454] (cpp03_action) StdoutLine: {'line': b'-- Found ament_cmake: 1.3.12 (/opt/ros/humble/share/ament_cmake/cmake)\n'}
[0.701819] (-) TimerEvent: {}
[0.802277] (-) TimerEvent: {}
[0.838021] (cpp03_action) StdoutLine: {'line': b'-- Found Python3: /usr/bin/python3 (found version "3.10.12") found components: Interpreter \n'}
[0.902595] (-) TimerEvent: {}
[0.962013] (cpp03_action) StdoutLine: {'line': b'-- Found rclcpp: 16.0.14 (/opt/ros/humble/share/rclcpp/cmake)\n'}
[1.002822] (-) TimerEvent: {}
[1.003472] (cpp03_action) StdoutLine: {'line': b'-- Found rosidl_generator_c: 3.1.7 (/opt/ros/humble/share/rosidl_generator_c/cmake)\n'}
[1.008580] (cpp03_action) StdoutLine: {'line': b'-- Found rosidl_adapter: 3.1.7 (/opt/ros/humble/share/rosidl_adapter/cmake)\n'}
[1.015144] (cpp03_action) StdoutLine: {'line': b'-- Found rosidl_generator_cpp: 3.1.7 (/opt/ros/humble/share/rosidl_generator_cpp/cmake)\n'}
[1.026114] (cpp03_action) StdoutLine: {'line': b'-- Using all available rosidl_typesupport_c: rosidl_typesupport_fastrtps_c;rosidl_typesupport_introspection_c\n'}
[1.046062] (cpp03_action) StdoutLine: {'line': b'-- Using all available rosidl_typesupport_cpp: rosidl_typesupport_fastrtps_cpp;rosidl_typesupport_introspection_cpp\n'}
[1.085825] (cpp03_action) StdoutLine: {'line': b'-- Found rmw_implementation_cmake: 6.1.2 (/opt/ros/humble/share/rmw_implementation_cmake/cmake)\n'}
[1.088283] (cpp03_action) StdoutLine: {'line': b'-- Found rmw_fastrtps_cpp: 6.2.8 (/opt/ros/humble/share/rmw_fastrtps_cpp/cmake)\n'}
[1.103135] (-) TimerEvent: {}
[1.203745] (-) TimerEvent: {}
[1.227927] (cpp03_action) StdoutLine: {'line': b'-- Found OpenSSL: /usr/lib/x86_64-linux-gnu/libcrypto.so (found version "3.0.2")  \n'}
[1.255423] (cpp03_action) StdoutLine: {'line': b'-- Found FastRTPS: /opt/ros/humble/include  \n'}
[1.299255] (cpp03_action) StdoutLine: {'line': b"-- Using RMW implementation 'rmw_fastrtps_cpp' as default\n"}
[1.303992] (-) TimerEvent: {}
[1.307938] (cpp03_action) StdoutLine: {'line': b'-- Looking for pthread.h\n'}
[1.404245] (-) TimerEvent: {}
[1.423014] (cpp03_action) StdoutLine: {'line': b'-- Looking for pthread.h - found\n'}
[1.424336] (cpp03_action) StdoutLine: {'line': b'-- Performing Test CMAKE_HAVE_LIBC_PTHREAD\n'}
[1.504385] (-) TimerEvent: {}
[1.545179] (cpp03_action) StdoutLine: {'line': b'-- Performing Test CMAKE_HAVE_LIBC_PTHREAD - Success\n'}
[1.546638] (cpp03_action) StdoutLine: {'line': b'-- Found Threads: TRUE  \n'}
[1.594009] (cpp03_action) StdoutLine: {'line': b'-- Found demo_interfaces_base: 0.0.0 (/home/ros2/exam/install/demo_interfaces_base/share/demo_interfaces_base/cmake)\n'}
[1.604918] (-) TimerEvent: {}
[1.641073] (cpp03_action) StdoutLine: {'line': b'-- Found ament_lint_auto: 0.12.14 (/opt/ros/humble/share/ament_lint_auto/cmake)\n'}
[1.705295] (-) TimerEvent: {}
[1.720629] (cpp03_action) StdoutLine: {'line': b"-- Added test 'cppcheck' to perform static code analysis on C / C++ code\n"}
[1.720908] (cpp03_action) StdoutLine: {'line': b'-- Configured cppcheck include dirs: $<BUILD_INTERFACE:/home/ros2/exam/cpp03_action/include>\n'}
[1.720986] (cpp03_action) StdoutLine: {'line': b'-- Configured cppcheck exclude dirs and/or files: \n'}
[1.721583] (cpp03_action) StdoutLine: {'line': b"-- Added test 'lint_cmake' to check CMake code style\n"}
[1.723950] (cpp03_action) StdoutLine: {'line': b"-- Added test 'uncrustify' to check C / C++ code style\n"}
[1.724394] (cpp03_action) StdoutLine: {'line': b'-- Configured uncrustify additional arguments: \n'}
[1.725454] (cpp03_action) StdoutLine: {'line': b"-- Added test 'xmllint' to check XML markup files\n"}
[1.728732] (cpp03_action) StdoutLine: {'line': b'-- Configuring done\n'}
[1.746385] (cpp03_action) StdoutLine: {'line': b'-- Generating done\n'}
[1.750610] (cpp03_action) StdoutLine: {'line': b'-- Build files have been written to: /home/ros2/exam/build/cpp03_action\n'}
[1.760289] (cpp03_action) CommandEnded: {'returncode': 0}
[1.761545] (cpp03_action) JobProgress: {'identifier': 'cpp03_action', 'progress': 'build'}
[1.764166] (cpp03_action) Command: {'cmd': ['/usr/bin/cmake', '--build', '/home/ros2/exam/build/cpp03_action', '--', '-j12', '-l12'], 'cwd': '/home/ros2/exam/build/cpp03_action', 'env': OrderedDict([('LESSOPEN', '| /usr/bin/lesspipe %s'), ('LANGUAGE', 'en_US:'), ('USER', 'ros2'), ('SSH_CLIENT', '192.168.174.1 51167 22'), ('LC_TIME', 'zh_CN.UTF-8'), ('XDG_SESSION_TYPE', 'tty'), ('GIT_ASKPASS', '/home/ros2/.vscode-server/cli/servers/Stable-e3550cfac4b63ca4eafca7b601f0d2885817fd1f/server/extensions/git/dist/askpass.sh'), ('SHLVL', '1'), ('LD_LIBRARY_PATH', '/home/ros2/exam/install/demo_interfaces_base/lib:/opt/ros/humble/opt/rviz_ogre_vendor/lib:/opt/ros/humble/lib/x86_64-linux-gnu:/opt/ros/humble/lib'), ('BROWSER', '/home/ros2/.vscode-server/cli/servers/Stable-e3550cfac4b63ca4eafca7b601f0d2885817fd1f/server/bin/helpers/browser.sh'), ('MOTD_SHOWN', 'pam'), ('HOME', '/home/ros2'), ('TERM_PROGRAM_VERSION', '1.103.0'), ('VSCODE_IPC_HOOK_CLI', '/run/user/1000/vscode-ipc-2eea4cb4-4baa-48bf-9ee7-8fed114b8274.sock'), ('ROS_PYTHON_VERSION', '3'), ('VSCODE_GIT_ASKPASS_MAIN', '/home/ros2/.vscode-server/cli/servers/Stable-e3550cfac4b63ca4eafca7b601f0d2885817fd1f/server/extensions/git/dist/askpass-main.js'), ('LC_MONETARY', 'zh_CN.UTF-8'), ('VSCODE_GIT_ASKPASS_NODE', '/home/ros2/.vscode-server/cli/servers/Stable-e3550cfac4b63ca4eafca7b601f0d2885817fd1f/server/node'), ('SSL_CERT_FILE', '/usr/lib/ssl/certs/ca-certificates.crt'), ('DBUS_SESSION_BUS_ADDRESS', 'unix:path=/run/user/1000/bus'), ('COLORTERM', 'truecolor'), ('ROS_DISTRO', 'humble'), ('LOGNAME', 'ros2'), ('_', '/usr/bin/colcon'), ('ROS_VERSION', '2'), ('XDG_SESSION_CLASS', 'user'), ('TERM', 'xterm-256color'), ('XDG_SESSION_ID', '3'), ('ROS_LOCALHOST_ONLY', '0'), ('PATH', '/home/ros2/.vscode-server/cli/servers/Stable-e3550cfac4b63ca4eafca7b601f0d2885817fd1f/server/bin/remote-cli:/opt/ros/humble/bin:/usr/local/sbin:/usr/local/bin:/usr/sbin:/usr/bin:/sbin:/bin:/usr/games:/usr/local/games:/snap/bin'), ('LC_ADDRESS', 'zh_CN.UTF-8'), ('XDG_RUNTIME_DIR', '/run/user/1000'), ('SSL_CERT_DIR', '/usr/lib/ssl/certs'), ('LANG', 'en_US.UTF-8'), ('LC_TELEPHONE', 'zh_CN.UTF-8'), ('LS_COLORS', 'rs=0:di=01;34:ln=01;36:mh=00:pi=40;33:so=01;35:do=01;35:bd=40;33;01:cd=40;33;01:or=40;31;01:mi=00:su=37;41:sg=30;43:ca=30;41:tw=30;42:ow=34;42:st=37;44:ex=01;32:*.tar=01;31:*.tgz=01;31:*.arc=01;31:*.arj=01;31:*.taz=01;31:*.lha=01;31:*.lz4=01;31:*.lzh=01;31:*.lzma=01;31:*.tlz=01;31:*.txz=01;31:*.tzo=01;31:*.t7z=01;31:*.zip=01;31:*.z=01;31:*.dz=01;31:*.gz=01;31:*.lrz=01;31:*.lz=01;31:*.lzo=01;31:*.xz=01;31:*.zst=01;31:*.tzst=01;31:*.bz2=01;31:*.bz=01;31:*.tbz=01;31:*.tbz2=01;31:*.tz=01;31:*.deb=01;31:*.rpm=01;31:*.jar=01;31:*.war=01;31:*.ear=01;31:*.sar=01;31:*.rar=01;31:*.alz=01;31:*.ace=01;31:*.zoo=01;31:*.cpio=01;31:*.7z=01;31:*.rz=01;31:*.cab=01;31:*.wim=01;31:*.swm=01;31:*.dwm=01;31:*.esd=01;31:*.jpg=01;35:*.jpeg=01;35:*.mjpg=01;35:*.mjpeg=01;35:*.gif=01;35:*.bmp=01;35:*.pbm=01;35:*.pgm=01;35:*.ppm=01;35:*.tga=01;35:*.xbm=01;35:*.xpm=01;35:*.tif=01;35:*.tiff=01;35:*.png=01;35:*.svg=01;35:*.svgz=01;35:*.mng=01;35:*.pcx=01;35:*.mov=01;35:*.mpg=01;35:*.mpeg=01;35:*.m2v=01;35:*.mkv=01;35:*.webm=01;35:*.webp=01;35:*.ogm=01;35:*.mp4=01;35:*.m4v=01;35:*.mp4v=01;35:*.vob=01;35:*.qt=01;35:*.nuv=01;35:*.wmv=01;35:*.asf=01;35:*.rm=01;35:*.rmvb=01;35:*.flc=01;35:*.avi=01;35:*.fli=01;35:*.flv=01;35:*.gl=01;35:*.dl=01;35:*.xcf=01;35:*.xwd=01;35:*.yuv=01;35:*.cgm=01;35:*.emf=01;35:*.ogv=01;35:*.ogx=01;35:*.aac=00;36:*.au=00;36:*.flac=00;36:*.m4a=00;36:*.mid=00;36:*.midi=00;36:*.mka=00;36:*.mp3=00;36:*.mpc=00;36:*.ogg=00;36:*.ra=00;36:*.wav=00;36:*.oga=00;36:*.opus=00;36:*.spx=00;36:*.xspf=00;36:'), ('VSCODE_GIT_IPC_HANDLE', '/run/user/1000/vscode-git-d28d503539.sock'), ('TERM_PROGRAM', 'vscode'), ('AMENT_PREFIX_PATH', '/home/ros2/exam/install/demo_interfaces_base:/opt/ros/humble'), ('SHELL', '/bin/bash'), ('LC_NAME', 'zh_CN.UTF-8'), ('LESSCLOSE', '/usr/bin/lesspipe %s %s'), ('LC_MEASUREMENT', 'zh_CN.UTF-8'), ('LC_IDENTIFICATION', 'zh_CN.UTF-8'), ('VSCODE_GIT_ASKPASS_EXTRA_ARGS', ''), ('PWD', '/home/ros2/exam/build/cpp03_action'), ('SSH_CONNECTION', '192.168.174.1 51167 192.168.174.156 22'), ('XDG_DATA_DIRS', '/usr/share/gnome:/usr/local/share:/usr/share:/var/lib/snapd/desktop'), ('PYTHONPATH', '/home/ros2/exam/install/demo_interfaces_base/local/lib/python3.10/dist-packages:/opt/ros/humble/lib/python3.10/site-packages:/opt/ros/humble/local/lib/python3.10/dist-packages'), ('LC_NUMERIC', 'zh_CN.UTF-8'), ('LC_PAPER', 'zh_CN.UTF-8'), ('COLCON', '1'), ('CMAKE_PREFIX_PATH', '/home/ros2/exam/install/demo_interfaces_base:/opt/ros/humble')]), 'shell': False}
[1.807277] (-) TimerEvent: {}
[1.860694] (cpp03_action) StdoutLine: {'line': b'[ 50%] \x1b[32mBuilding CXX object CMakeFiles/demo01_action_server.dir/src/demo01_action_server.cpp.o\x1b[0m\n'}
[1.907529] (-) TimerEvent: {}
[2.008201] (-) TimerEvent: {}
[2.108774] (-) TimerEvent: {}
[2.169633] (cpp03_action) StderrLine: {'line': b'\x1b[01m\x1b[K/home/ros2/exam/cpp03_action/src/demo01_action_server.cpp:2:10:\x1b[m\x1b[K \x1b[01;31m\x1b[Kfatal error: \x1b[m\x1b[Krclcpp_action/rclcpp_action.hpp: No such file or directory\n'}
[2.169863] (cpp03_action) StderrLine: {'line': b'    2 | #include \x1b[01;31m\x1b[K"rclcpp_action/rclcpp_action.hpp"\x1b[m\x1b[K\n'}
[2.169924] (cpp03_action) StderrLine: {'line': b'      |          \x1b[01;31m\x1b[K^~~~~~~~~~~~~~~~~~~~~~~~~~~~~~~~~\x1b[m\x1b[K\n'}
[2.169974] (cpp03_action) StderrLine: {'line': b'compilation terminated.\n'}
[2.172394] (cpp03_action) StderrLine: {'line': b'gmake[2]: *** [CMakeFiles/demo01_action_server.dir/build.make:76: CMakeFiles/demo01_action_server.dir/src/demo01_action_server.cpp.o] Error 1\n'}
[2.172986] (cpp03_action) StderrLine: {'line': b'gmake[1]: *** [CMakeFiles/Makefile2:137: CMakeFiles/demo01_action_server.dir/all] Error 2\n'}
[2.173435] (cpp03_action) StderrLine: {'line': b'gmake: *** [Makefile:146: all] Error 2\n'}
[2.176791] (cpp03_action) CommandEnded: {'returncode': 2}
[2.186868] (cpp03_action) JobEnded: {'identifier': 'cpp03_action', 'rc': 2}
[2.198289] (-) EventReactorShutdown: {}
